[handleMsg]:  {
  key: {
    remoteJid: '573152935907@s.whatsapp.net',
    fromMe: false,
    id: 'E1791F3005D5F0E66C9C7662CFAB444D',
    participant: undefined
  },
  messageTimestamp: 1692205193,
  pushName: 'A',
  broadcast: false,
  message: Message {
    conversation: 'Hola',
    messageContextInfo: MessageContextInfo {
      deviceListMetadata: [DeviceListMetadata],
      deviceListMetadataVersion: 2
    }
  },
  body: 'Hola',
  from: '573152935907'
}
[handleMsg]:  {
  key: {
    remoteJid: '573152935907@s.whatsapp.net',
    fromMe: false,
    id: 'C5A5D0F30EC58F34C0814A1FCDD3FA13',
    participant: undefined
  },
  messageTimestamp: 1692205198,
  pushName: 'A',
  broadcast: false,
  message: Message {
    conversation: '2',
    messageContextInfo: MessageContextInfo {
      deviceListMetadata: [DeviceListMetadata],
      deviceListMetadataVersion: 2
    }
  },
  body: '2',
  from: '573152935907'
}
[handleMsg]:  {
  key: {
    remoteJid: '573152935907@s.whatsapp.net',
    fromMe: false,
    id: 'D3805381839C1BFCA5CF553BEB6909B7',
    participant: undefined
  },
  messageTimestamp: 1692205200,
  pushName: 'A',
  broadcast: false,
  message: Message {
    conversation: '6',
    messageContextInfo: MessageContextInfo {
      deviceListMetadata: [DeviceListMetadata],
      deviceListMetadataVersion: 2
    }
  },
  body: '6',
  from: '573152935907'
}
[handleMsg]:  {
  key: {
    remoteJid: '573152935907@s.whatsapp.net',
    fromMe: false,
    id: '2398BB8C924F6C11C45CB17DEADBA343',
    participant: undefined
  },
  messageTimestamp: 1692205216,
  pushName: 'A',
  broadcast: false,
  message: Message {
    conversation: 'Pos si jala',
    messageContextInfo: MessageContextInfo {
      deviceListMetadata: [DeviceListMetadata],
      deviceListMetadataVersion: 2
    }
  },
  body: 'Pos si jala',
  from: '573152935907'
}
[handleMsg]:  {
  key: {
    remoteJid: '573152935907@s.whatsapp.net',
    fromMe: false,
    id: '9A65AE16C238146DE7ABCD9AF006807F',
    participant: undefined
  },
  messageTimestamp: 1692205224,
  pushName: 'A',
  broadcast: false,
  message: Message {
    extendedTextMessage: ExtendedTextMessage {
      text: 'Si',
      previewType: 0,
      contextInfo: [ContextInfo],
      inviteLinkGroupTypeV2: 0
    },
    messageContextInfo: MessageContextInfo {
      deviceListMetadata: [DeviceListMetadata],
      deviceListMetadataVersion: 2
    }
  },
  body: 'Si',
  from: '573152935907'
}
[handleMsg]:  {
  key: {
    remoteJid: '573152935907@s.whatsapp.net',
    fromMe: false,
    id: 'D6C060BAD6537104B2F959BD33B7E446',
    participant: undefined
  },
  messageTimestamp: 1692205259,
  pushName: 'A',
  broadcast: false,
  message: Message {
    conversation: 'A la madre',
    messageContextInfo: MessageContextInfo {
      deviceListMetadata: [DeviceListMetadata],
      deviceListMetadataVersion: 2
    }
  },
  body: 'A la madre',
  from: '573152935907'
}
